{"/home/shaqash/socketioAuth/client.js": {"path":"/home/shaqash/socketioAuth/client.js","statementMap":{"0":{"start":{"line":4,"column":14},"end":{"line":10,"column":4}},"1":{"start":{"line":11,"column":20},"end":{"line":11,"column":36}},"2":{"start":{"line":12,"column":2},"end":{"line":12,"column":15}}},"fnMap":{"0":{"name":"fetchTokenFromExpress","decl":{"start":{"line":3,"column":22},"end":{"line":3,"column":43}},"loc":{"start":{"line":3,"column":55},"end":{"line":13,"column":1}},"line":3}},"branchMap":{},"s":{"0":2,"1":2,"2":2},"f":{"0":2},"b":{},"_coverageSchema":"43e27e138ebf9cfc5966b082cf9a028302ed4184","hash":"79d4ff0797319138aff70e276936acb9f4215853"}
,"/home/shaqash/socketioAuth/index.js": {"path":"/home/shaqash/socketioAuth/index.js","statementMap":{"0":{"start":{"line":6,"column":26},"end":{"line":6,"column":33}},"1":{"start":{"line":7,"column":21},"end":{"line":9,"column":1}},"2":{"start":{"line":10,"column":17},"end":{"line":17,"column":1}},"3":{"start":{"line":20,"column":2},"end":{"line":22,"column":46}},"4":{"start":{"line":21,"column":4},"end":{"line":21,"column":38}},"5":{"start":{"line":25,"column":18},"end":{"line":29,"column":1}},"6":{"start":{"line":26,"column":14},"end":{"line":26,"column":47}},"7":{"start":{"line":27,"column":2},"end":{"line":27,"column":46}},"8":{"start":{"line":28,"column":2},"end":{"line":28,"column":13}},"9":{"start":{"line":37,"column":17},"end":{"line":37,"column":50}},"10":{"start":{"line":38,"column":24},"end":{"line":38,"column":72}},"11":{"start":{"line":39,"column":22},"end":{"line":39,"column":66}},"12":{"start":{"line":41,"column":2},"end":{"line":41,"column":67}},"13":{"start":{"line":41,"column":15},"end":{"line":41,"column":67}},"14":{"start":{"line":48,"column":21},"end":{"line":59,"column":3}},"15":{"start":{"line":49,"column":4},"end":{"line":49,"column":38}},"16":{"start":{"line":50,"column":4},"end":{"line":57,"column":5}},"17":{"start":{"line":51,"column":24},"end":{"line":51,"column":46}},"18":{"start":{"line":52,"column":6},"end":{"line":56,"column":9}},"19":{"start":{"line":53,"column":8},"end":{"line":53,"column":76}},"20":{"start":{"line":53,"column":51},"end":{"line":53,"column":76}},"21":{"start":{"line":54,"column":8},"end":{"line":54,"column":63}},"22":{"start":{"line":55,"column":8},"end":{"line":55,"column":22}},"23":{"start":{"line":58,"column":4},"end":{"line":58,"column":29}},"24":{"start":{"line":66,"column":23},"end":{"line":74,"column":3}},"25":{"start":{"line":67,"column":4},"end":{"line":73,"column":5}},"26":{"start":{"line":68,"column":22},"end":{"line":68,"column":30}},"27":{"start":{"line":69,"column":20},"end":{"line":69,"column":58}},"28":{"start":{"line":70,"column":6},"end":{"line":70,"column":26}},"29":{"start":{"line":72,"column":6},"end":{"line":72,"column":59}},"30":{"start":{"line":76,"column":2},"end":{"line":76,"column":38}}},"fnMap":{"0":{"name":"authTimeout","decl":{"start":{"line":19,"column":9},"end":{"line":19,"column":20}},"loc":{"start":{"line":19,"column":29},"end":{"line":23,"column":1}},"line":19},"1":{"name":"(anonymous_1)","decl":{"start":{"line":20,"column":13},"end":{"line":20,"column":14}},"loc":{"start":{"line":20,"column":19},"end":{"line":22,"column":3}},"line":20},"2":{"name":"(anonymous_2)","decl":{"start":{"line":25,"column":18},"end":{"line":25,"column":19}},"loc":{"start":{"line":25,"column":24},"end":{"line":29,"column":1}},"line":25},"3":{"name":"authentication","decl":{"start":{"line":36,"column":24},"end":{"line":36,"column":38}},"loc":{"start":{"line":36,"column":58},"end":{"line":77,"column":1}},"line":36},"4":{"name":"(anonymous_4)","decl":{"start":{"line":48,"column":21},"end":{"line":48,"column":22}},"loc":{"start":{"line":48,"column":39},"end":{"line":59,"column":3}},"line":48},"5":{"name":"(anonymous_5)","decl":{"start":{"line":52,"column":47},"end":{"line":52,"column":48}},"loc":{"start":{"line":52,"column":65},"end":{"line":56,"column":7}},"line":52},"6":{"name":"(anonymous_6)","decl":{"start":{"line":66,"column":23},"end":{"line":66,"column":24}},"loc":{"start":{"line":66,"column":37},"end":{"line":74,"column":3}},"line":66}},"branchMap":{"0":{"loc":{"start":{"line":22,"column":5},"end":{"line":22,"column":44}},"type":"binary-expr","locations":[{"start":{"line":22,"column":5},"end":{"line":22,"column":36}},{"start":{"line":22,"column":40},"end":{"line":22,"column":44}}],"line":22},"1":{"loc":{"start":{"line":37,"column":17},"end":{"line":37,"column":50}},"type":"binary-expr","locations":[{"start":{"line":37,"column":17},"end":{"line":37,"column":31}},{"start":{"line":37,"column":35},"end":{"line":37,"column":50}}],"line":37},"2":{"loc":{"start":{"line":38,"column":24},"end":{"line":38,"column":72}},"type":"binary-expr","locations":[{"start":{"line":38,"column":24},"end":{"line":38,"column":45}},{"start":{"line":38,"column":49},"end":{"line":38,"column":72}}],"line":38},"3":{"loc":{"start":{"line":39,"column":22},"end":{"line":39,"column":66}},"type":"binary-expr","locations":[{"start":{"line":39,"column":22},"end":{"line":39,"column":41}},{"start":{"line":39,"column":45},"end":{"line":39,"column":66}}],"line":39},"4":{"loc":{"start":{"line":41,"column":2},"end":{"line":41,"column":67}},"type":"if","locations":[{"start":{"line":41,"column":2},"end":{"line":41,"column":67}},{"start":{"line":41,"column":2},"end":{"line":41,"column":67}}],"line":41},"5":{"loc":{"start":{"line":50,"column":4},"end":{"line":57,"column":5}},"type":"if","locations":[{"start":{"line":50,"column":4},"end":{"line":57,"column":5}},{"start":{"line":50,"column":4},"end":{"line":57,"column":5}}],"line":50},"6":{"loc":{"start":{"line":50,"column":8},"end":{"line":50,"column":62}},"type":"binary-expr","locations":[{"start":{"line":50,"column":8},"end":{"line":50,"column":30}},{"start":{"line":50,"column":34},"end":{"line":50,"column":62}}],"line":50},"7":{"loc":{"start":{"line":53,"column":8},"end":{"line":53,"column":76}},"type":"if","locations":[{"start":{"line":53,"column":8},"end":{"line":53,"column":76}},{"start":{"line":53,"column":8},"end":{"line":53,"column":76}}],"line":53},"8":{"loc":{"start":{"line":53,"column":12},"end":{"line":53,"column":49}},"type":"binary-expr","locations":[{"start":{"line":53,"column":12},"end":{"line":53,"column":15}},{"start":{"line":53,"column":19},"end":{"line":53,"column":27}},{"start":{"line":53,"column":31},"end":{"line":53,"column":49}}],"line":53},"9":{"loc":{"start":{"line":67,"column":4},"end":{"line":73,"column":5}},"type":"if","locations":[{"start":{"line":67,"column":4},"end":{"line":73,"column":5}},{"start":{"line":67,"column":4},"end":{"line":73,"column":5}}],"line":67},"10":{"loc":{"start":{"line":67,"column":8},"end":{"line":67,"column":36}},"type":"binary-expr","locations":[{"start":{"line":67,"column":8},"end":{"line":67,"column":11}},{"start":{"line":67,"column":15},"end":{"line":67,"column":36}}],"line":67}},"s":{"0":1,"1":1,"2":1,"3":2,"4":0,"5":1,"6":3,"7":3,"8":3,"9":1,"10":1,"11":1,"12":1,"13":0,"14":1,"15":2,"16":2,"17":2,"18":2,"19":2,"20":1,"21":1,"22":1,"23":2,"24":1,"25":2,"26":2,"27":2,"28":2,"29":0,"30":1},"f":{"0":2,"1":0,"2":3,"3":1,"4":2,"5":2,"6":2},"b":{"0":[2,0],"1":[1,0],"2":[1,1],"3":[1,1],"4":[0,1],"5":[2,0],"6":[2,2],"7":[1,1],"8":[2,1,1],"9":[2,0],"10":[2,2]},"_coverageSchema":"43e27e138ebf9cfc5966b082cf9a028302ed4184","hash":"dec458638a6c4d5449cccd8d60339eb75c612edf"}
,"/home/shaqash/socketioAuth/server.js": {"path":"/home/shaqash/socketioAuth/server.js","statementMap":{"0":{"start":{"line":8,"column":14},"end":{"line":8,"column":23}},"1":{"start":{"line":9,"column":17},"end":{"line":9,"column":34}},"2":{"start":{"line":10,"column":13},"end":{"line":10,"column":29}},"3":{"start":{"line":12,"column":17},"end":{"line":14,"column":3}},"4":{"start":{"line":20,"column":21},"end":{"line":27,"column":3}},"5":{"start":{"line":21,"column":35},"end":{"line":21,"column":43}},"6":{"start":{"line":22,"column":4},"end":{"line":26,"column":6}},"7":{"start":{"line":29,"column":39},"end":{"line":31,"column":16}},"8":{"start":{"line":33,"column":2},"end":{"line":36,"column":7}},"9":{"start":{"line":35,"column":6},"end":{"line":35,"column":48}},"10":{"start":{"line":37,"column":2},"end":{"line":37,"column":54}},"11":{"start":{"line":38,"column":2},"end":{"line":38,"column":29}},"12":{"start":{"line":39,"column":2},"end":{"line":39,"column":38}},"13":{"start":{"line":41,"column":2},"end":{"line":41,"column":16}}},"fnMap":{"0":{"name":"ioServer","decl":{"start":{"line":7,"column":24},"end":{"line":7,"column":32}},"loc":{"start":{"line":7,"column":35},"end":{"line":42,"column":1}},"line":7},"1":{"name":"(anonymous_1)","decl":{"start":{"line":20,"column":21},"end":{"line":20,"column":22}},"loc":{"start":{"line":20,"column":35},"end":{"line":27,"column":3}},"line":20},"2":{"name":"(anonymous_2)","decl":{"start":{"line":34,"column":22},"end":{"line":34,"column":23}},"loc":{"start":{"line":34,"column":34},"end":{"line":36,"column":5}},"line":34}},"branchMap":{"0":{"loc":{"start":{"line":23,"column":6},"end":{"line":25,"column":47}},"type":"binary-expr","locations":[{"start":{"line":23,"column":6},"end":{"line":23,"column":14}},{"start":{"line":24,"column":9},"end":{"line":24,"column":17}},{"start":{"line":25,"column":9},"end":{"line":25,"column":47}}],"line":23}},"s":{"0":1,"1":1,"2":1,"3":1,"4":1,"5":1,"6":1,"7":1,"8":1,"9":1,"10":1,"11":1,"12":1,"13":1},"f":{"0":1,"1":1,"2":1},"b":{"0":[1,1,1]},"_coverageSchema":"43e27e138ebf9cfc5966b082cf9a028302ed4184","hash":"bbb0fd077b9f9018895ef043639e426fd508b038"}
}
