TN:
SF:/home/shaqash/socketioAuth/client.js
FN:3,fetchTokenFromExpress
FNF:1
FNH:1
FNDA:2,fetchTokenFromExpress
DA:4,2
DA:11,2
DA:12,2
LF:3
LH:3
BRF:0
BRH:0
end_of_record
TN:
SF:/home/shaqash/socketioAuth/index.js
FN:19,authTimeout
FN:20,(anonymous_1)
FN:25,(anonymous_2)
FN:36,authentication
FN:48,(anonymous_4)
FN:52,(anonymous_5)
FN:66,(anonymous_6)
FNF:7
FNH:6
FNDA:2,authTimeout
FNDA:0,(anonymous_1)
FNDA:3,(anonymous_2)
FNDA:1,authentication
FNDA:2,(anonymous_4)
FNDA:2,(anonymous_5)
FNDA:2,(anonymous_6)
DA:6,1
DA:7,1
DA:10,1
DA:20,2
DA:21,0
DA:25,1
DA:26,3
DA:27,3
DA:28,3
DA:37,1
DA:38,1
DA:39,1
DA:41,1
DA:48,1
DA:49,2
DA:50,2
DA:51,2
DA:52,2
DA:53,2
DA:54,1
DA:55,1
DA:58,2
DA:66,1
DA:67,2
DA:68,2
DA:69,2
DA:70,2
DA:72,0
DA:76,1
LF:29
LH:27
BRDA:22,0,0,2
BRDA:22,0,1,0
BRDA:37,1,0,1
BRDA:37,1,1,0
BRDA:38,2,0,1
BRDA:38,2,1,1
BRDA:39,3,0,1
BRDA:39,3,1,1
BRDA:41,4,0,0
BRDA:41,4,1,1
BRDA:50,5,0,2
BRDA:50,5,1,0
BRDA:50,6,0,2
BRDA:50,6,1,2
BRDA:53,7,0,1
BRDA:53,7,1,1
BRDA:53,8,0,2
BRDA:53,8,1,1
BRDA:53,8,2,1
BRDA:67,9,0,2
BRDA:67,9,1,0
BRDA:67,10,0,2
BRDA:67,10,1,2
BRF:23
BRH:18
end_of_record
TN:
SF:/home/shaqash/socketioAuth/server.js
FN:7,ioServer
FN:20,(anonymous_1)
FN:34,(anonymous_2)
FNF:3
FNH:3
FNDA:1,ioServer
FNDA:1,(anonymous_1)
FNDA:1,(anonymous_2)
DA:8,1
DA:9,1
DA:10,1
DA:12,1
DA:20,1
DA:21,1
DA:22,1
DA:29,1
DA:33,1
DA:35,1
DA:37,1
DA:38,1
DA:39,1
DA:41,1
LF:14
LH:14
BRDA:23,0,0,1
BRDA:23,0,1,1
BRDA:23,0,2,1
BRF:3
BRH:3
end_of_record
